

Started GET "/" for 127.0.0.1 at 2013-02-24 22:54:05 -0500
Connecting to database specified by database.yml
Processing by HomeController#index as HTML
  Rendered home/index.html.haml within layouts/application (22.3ms)
Compiled home.css  (7ms)  (pid 403)
Compiled application.css  (14ms)  (pid 403)
Compiled jquery.js  (2ms)  (pid 403)
Compiled jquery_ujs.js  (0ms)  (pid 403)
Compiled home.js  (57ms)  (pid 403)
Compiled application.js  (113ms)  (pid 403)
Completed 200 OK in 224ms (Views: 223.9ms | ActiveRecord: 0.0ms)


Started GET "/assets/home.js?body=1" for 127.0.0.1 at 2013-02-24 22:54:06 -0500
Served asset /home.js - 200 OK (1ms)


Started GET "/assets/application.css?body=1" for 127.0.0.1 at 2013-02-24 22:54:06 -0500
Served asset /application.css - 200 OK (3ms)


Started GET "/assets/jquery.js?body=1" for 127.0.0.1 at 2013-02-24 22:54:06 -0500
Served asset /jquery.js - 200 OK (2ms)


Started GET "/assets/jquery_ujs.js?body=1" for 127.0.0.1 at 2013-02-24 22:54:06 -0500
Served asset /jquery_ujs.js - 200 OK (2ms)


Started GET "/assets/application.js?body=1" for 127.0.0.1 at 2013-02-24 22:54:06 -0500
Served asset /application.js - 200 OK (4ms)


Started GET "/assets/home.css?body=1" for 127.0.0.1 at 2013-02-24 22:54:06 -0500
Served asset /home.css - 200 OK (1ms)


Started GET "/" for 127.0.0.1 at 2013-02-24 22:54:52 -0500
Processing by HomeController#index as HTML
  Rendered home/index.html.haml within layouts/application (0.2ms)
Compiled home.css  (3ms)  (pid 403)
Compiled application.css  (1ms)  (pid 403)
Completed 200 OK in 20ms (Views: 20.2ms | ActiveRecord: 0.0ms)


Started GET "/assets/home.css?body=1" for 127.0.0.1 at 2013-02-24 22:54:52 -0500
Served asset /home.css - 200 OK (7ms)


Started GET "/assets/application.css?body=1" for 127.0.0.1 at 2013-02-24 22:54:52 -0500
Served asset /application.css - 304 Not Modified (2ms)


Started GET "/assets/jquery.js?body=1" for 127.0.0.1 at 2013-02-24 22:54:52 -0500
Served asset /jquery.js - 304 Not Modified (0ms)


Started GET "/assets/jquery_ujs.js?body=1" for 127.0.0.1 at 2013-02-24 22:54:52 -0500
Served asset /jquery_ujs.js - 304 Not Modified (0ms)


Started GET "/assets/application.js?body=1" for 127.0.0.1 at 2013-02-24 22:54:52 -0500
Served asset /application.js - 304 Not Modified (17ms)


Started GET "/assets/home.js?body=1" for 127.0.0.1 at 2013-02-24 22:54:52 -0500
Served asset /home.js - 304 Not Modified (0ms)


Started GET "/" for 127.0.0.1 at 2013-02-24 22:54:54 -0500
Processing by HomeController#index as HTML
  Rendered home/index.html.haml within layouts/application (0.1ms)
Completed 200 OK in 6ms (Views: 5.5ms | ActiveRecord: 0.0ms)


Started GET "/assets/application.css?body=1" for 127.0.0.1 at 2013-02-24 22:54:54 -0500
Served asset /application.css - 304 Not Modified (0ms)


Started GET "/assets/home.css?body=1" for 127.0.0.1 at 2013-02-24 22:54:54 -0500
Served asset /home.css - 304 Not Modified (0ms)


Started GET "/assets/jquery.js?body=1" for 127.0.0.1 at 2013-02-24 22:54:54 -0500
Served asset /jquery.js - 304 Not Modified (0ms)


Started GET "/assets/jquery_ujs.js?body=1" for 127.0.0.1 at 2013-02-24 22:54:54 -0500
Served asset /jquery_ujs.js - 304 Not Modified (0ms)


Started GET "/assets/home.js?body=1" for 127.0.0.1 at 2013-02-24 22:54:54 -0500
Served asset /home.js - 304 Not Modified (0ms)


Started GET "/assets/application.js?body=1" for 127.0.0.1 at 2013-02-24 22:54:54 -0500
Served asset /application.js - 304 Not Modified (0ms)


Started GET "/" for 127.0.0.1 at 2013-02-24 22:55:03 -0500
Processing by HomeController#index as HTML
  Rendered home/index.html.haml within layouts/application (1.3ms)
Completed 200 OK in 6ms (Views: 6.3ms | ActiveRecord: 0.0ms)


Started GET "/assets/jquery_ujs.js?body=1" for 127.0.0.1 at 2013-02-24 22:55:03 -0500
Served asset /jquery_ujs.js - 304 Not Modified (0ms)


Started GET "/assets/application.css?body=1" for 127.0.0.1 at 2013-02-24 22:55:03 -0500
Served asset /application.css - 304 Not Modified (0ms)


Started GET "/assets/home.css?body=1" for 127.0.0.1 at 2013-02-24 22:55:03 -0500
Served asset /home.css - 304 Not Modified (0ms)


Started GET "/assets/home.js?body=1" for 127.0.0.1 at 2013-02-24 22:55:03 -0500
Served asset /home.js - 304 Not Modified (0ms)


Started GET "/assets/jquery.js?body=1" for 127.0.0.1 at 2013-02-24 22:55:03 -0500
Served asset /jquery.js - 304 Not Modified (0ms)


Started GET "/assets/application.js?body=1" for 127.0.0.1 at 2013-02-24 22:55:03 -0500
Served asset /application.js - 304 Not Modified (0ms)


Started GET "/" for 127.0.0.1 at 2013-02-24 22:56:00 -0500
Processing by HomeController#index as HTML
  Rendered home/index.html.haml within layouts/application (12.8ms)
Completed 500 Internal Server Error in 15ms

ActionView::Template::Error (Illegal nesting: content can't be both given on the same line as %h1 and nested within it.):
    1: %h1.logo LEGAL
    2:   %span.logo ZEN
  app/views/home/index.html.haml:2


  Rendered /usr/local/rvm/gems/ruby-1.9.3-p194/gems/actionpack-3.2.8/lib/action_dispatch/middleware/templates/rescues/_trace.erb (1.7ms)
  Rendered /usr/local/rvm/gems/ruby-1.9.3-p194/gems/actionpack-3.2.8/lib/action_dispatch/middleware/templates/rescues/_request_and_response.erb (1.2ms)
  Rendered /usr/local/rvm/gems/ruby-1.9.3-p194/gems/actionpack-3.2.8/lib/action_dispatch/middleware/templates/rescues/template_error.erb within rescues/layout (11.9ms)


Started GET "/" for 127.0.0.1 at 2013-02-24 22:56:43 -0500
Processing by HomeController#index as HTML
  Rendered home/index.html.haml within layouts/application (0.6ms)
Completed 500 Internal Server Error in 2ms

ActionView::Template::Error (Illegal nesting: content can't be both given on the same line as %h1 and nested within it.):
    1: %h1.logo LEGAL
    2:   %span.logo ZEN
  app/views/home/index.html.haml:2


  Rendered /usr/local/rvm/gems/ruby-1.9.3-p194/gems/actionpack-3.2.8/lib/action_dispatch/middleware/templates/rescues/_trace.erb (1.5ms)
  Rendered /usr/local/rvm/gems/ruby-1.9.3-p194/gems/actionpack-3.2.8/lib/action_dispatch/middleware/templates/rescues/_request_and_response.erb (1.0ms)
  Rendered /usr/local/rvm/gems/ruby-1.9.3-p194/gems/actionpack-3.2.8/lib/action_dispatch/middleware/templates/rescues/template_error.erb within rescues/layout (9.4ms)


Started GET "/" for 127.0.0.1 at 2013-02-24 22:58:49 -0500
Processing by HomeController#index as HTML
  Rendered home/index.html.haml within layouts/application (1.2ms)
Compiled home.css  (3ms)  (pid 403)
Compiled application.css  (1ms)  (pid 403)
Completed 200 OK in 22ms (Views: 21.8ms | ActiveRecord: 0.0ms)


Started GET "/assets/home.css?body=1" for 127.0.0.1 at 2013-02-24 22:58:49 -0500
Served asset /home.css - 200 OK (8ms)


Started GET "/assets/application.css?body=1" for 127.0.0.1 at 2013-02-24 22:58:49 -0500
Served asset /application.css - 304 Not Modified (3ms)


Started GET "/assets/jquery_ujs.js?body=1" for 127.0.0.1 at 2013-02-24 22:58:49 -0500
Served asset /jquery_ujs.js - 304 Not Modified (0ms)


Started GET "/assets/home.js?body=1" for 127.0.0.1 at 2013-02-24 22:58:49 -0500
Served asset /home.js - 304 Not Modified (0ms)


Started GET "/assets/jquery.js?body=1" for 127.0.0.1 at 2013-02-24 22:58:49 -0500
Served asset /jquery.js - 304 Not Modified (0ms)


Started GET "/assets/application.js?body=1" for 127.0.0.1 at 2013-02-24 22:58:49 -0500
Served asset /application.js - 304 Not Modified (0ms)


Started GET "/" for 127.0.0.1 at 2013-02-25 19:31:21 -0500
Connecting to database specified by database.yml
Processing by HomeController#index as HTML
  Rendered home/index.html.haml within layouts/application (21.9ms)
Completed 200 OK in 46ms (Views: 45.5ms | ActiveRecord: 0.0ms)


Started GET "/assets/application.css?body=1" for 127.0.0.1 at 2013-02-25 19:31:21 -0500
Served asset /application.css - 304 Not Modified (3ms)


Started GET "/assets/application.js?body=1" for 127.0.0.1 at 2013-02-25 19:31:21 -0500
Served asset /application.js - 200 OK (8ms)


Started GET "/assets/home.js?body=1" for 127.0.0.1 at 2013-02-25 19:31:21 -0500
Served asset /home.js - 304 Not Modified (1ms)


Started GET "/assets/jquery.js?body=1" for 127.0.0.1 at 2013-02-25 19:31:21 -0500
Served asset /jquery.js - 200 OK (2ms)


Started GET "/assets/home.css?body=1" for 127.0.0.1 at 2013-02-25 19:31:21 -0500
Served asset /home.css - 200 OK (1ms)


Started GET "/assets/jquery_ujs.js?body=1" for 127.0.0.1 at 2013-02-25 19:31:21 -0500
Served asset /jquery_ujs.js - 200 OK (1ms)
